<?xml version="1.0" encoding="UTF-8"?>
<testsuite xmlns:xsi="http://www.w3.org/2001/XMLSchema-instance" xsi:noNamespaceSchemaLocation="https://maven.apache.org/surefire/maven-surefire-plugin/xsd/surefire-test-report-3.0.xsd" version="3.0" name="com.example.chatserver.RepositoryTest" time="1.309" tests="1" errors="0" skipped="0" failures="0">
  <properties>
[...]
</properties>
  <testcase name="testSaveAndFind" classname="com.example.chatserver.RepositoryTest" time="0.29">
    <system-out><![CDATA[Standard Commons Logging discovery in action with spring-jcl: please remove commons-logging.jar from classpath in order to avoid potential conflicts
15:43:14.549 [main] INFO org.springframework.test.context.support.AnnotationConfigContextLoaderUtils -- Could not detect default configuration classes for test class [com.example.chatserver.RepositoryTest]: RepositoryTest does not declare any static, non-private, non-final, nested classes annotated with @Configuration.
15:43:14.593 [main] INFO org.springframework.boot.test.context.SpringBootTestContextBootstrapper -- Found @SpringBootConfiguration com.example.chatserver.ChatServerApplication for test class com.example.chatserver.RepositoryTest

  .   ____          _            __ _ _
 /\\ / ___'_ __ _ _(_)_ __  __ _ \ \ \ \
( ( )\___ | '_ | '_| | '_ \/ _` | \ \ \ \
 \\/  ___)| |_)| | | | | || (_| |  ) ) ) )
  '  |____| .__|_| |_|_| |_\__, | / / / /
 =========|_|==============|___/=/_/_/_/
 :: Spring Boot ::                (v3.2.1)

2026-01-01T15:43:14.700-06:00  INFO 33578 --- [           main] com.example.chatserver.RepositoryTest    : Starting RepositoryTest using Java 25.0.1 with PID 33578 (started by admin in /Users/admin/realtime-chat-app/server)
2026-01-01T15:43:14.700-06:00  INFO 33578 --- [           main] com.example.chatserver.RepositoryTest    : No active profile set, falling back to 1 default profile: "default"
2026-01-01T15:43:14.809-06:00  INFO 33578 --- [           main] .s.d.r.c.RepositoryConfigurationDelegate : Bootstrapping Spring Data JPA repositories in DEFAULT mode.
2026-01-01T15:43:14.827-06:00  INFO 33578 --- [           main] .s.d.r.c.RepositoryConfigurationDelegate : Finished Spring Data repository scanning in 16 ms. Found 4 JPA repository interfaces.
2026-01-01T15:43:14.844-06:00  INFO 33578 --- [           main] beddedDataSourceBeanFactoryPostProcessor : Replacing 'dataSource' DataSource bean with embedded version
2026-01-01T15:43:14.893-06:00  INFO 33578 --- [           main] o.s.j.d.e.EmbeddedDatabaseFactory        : Starting embedded database: url='jdbc:h2:mem:98d1e48e-b0e2-4cdc-b656-a1bfe254368e;DB_CLOSE_DELAY=-1;DB_CLOSE_ON_EXIT=false', username='sa'
2026-01-01T15:43:14.984-06:00  INFO 33578 --- [           main] o.hibernate.jpa.internal.util.LogHelper  : HHH000204: Processing PersistenceUnitInfo [name: default]
2026-01-01T15:43:15.002-06:00  INFO 33578 --- [           main] org.hibernate.Version                    : HHH000412: Hibernate ORM core version 6.4.1.Final
2026-01-01T15:43:15.012-06:00  INFO 33578 --- [           main] o.h.c.internal.RegionFactoryInitiator    : HHH000026: Second-level cache disabled
2026-01-01T15:43:15.079-06:00  INFO 33578 --- [           main] o.s.o.j.p.SpringPersistenceUnitInfo      : No LoadTimeWeaver setup: ignoring JPA class transformer
2026-01-01T15:43:15.100-06:00  WARN 33578 --- [           main] org.hibernate.dialect.Dialect            : HHH000511: The 2.2.0 version for [org.hibernate.dialect.PostgreSQLDialect] is no longer supported, hence certain features may not work properly. The minimum supported version is 12.0.0. Check the community dialects project for available legacy versions.
2026-01-01T15:43:15.101-06:00  WARN 33578 --- [           main] org.hibernate.orm.deprecation            : HHH90000025: PostgreSQLDialect does not need to be specified explicitly using 'hibernate.dialect' (remove the property setting and it will be selected by default)
2026-01-01T15:43:15.359-06:00  INFO 33578 --- [           main] o.h.e.t.j.p.i.JtaPlatformInitiator       : HHH000489: No JTA platform available (set 'hibernate.transaction.jta.platform' to enable JTA platform integration)
Hibernate: create table audit_log (id bigserial not null, action varchar(255), actor_uid varchar(255), created_at timestamp(6) with time zone, target_id varchar(255), primary key (id))
Hibernate: create table chat_metadata (chat_id varchar(255) not null, last_message varchar(255), updated_at timestamp(6) with time zone, primary key (chat_id))
Hibernate: create table chat_metadata_participant_uids (chat_metadata_chat_id varchar(255) not null, participant_uids varchar(255))
Hibernate: create table message_index (message_id varchar(255) not null, chat_id varchar(255), created_at timestamp(6) with time zone, sender_id varchar(255), text_preview varchar(500), primary key (message_id))
Hibernate: create table moderation_reports (report_id bigserial not null, chat_id varchar(255), created_at timestamp(6) with time zone, message_id varchar(255), reason varchar(255), reporter_uid varchar(255), resolved_at timestamp(6) with time zone, status varchar(255) check (status in ('OPEN','RESOLVED')), primary key (report_id))
Hibernate: alter table if exists chat_metadata_participant_uids add constraint FKi8abuh5qxw7ttklhhm4quy7r3 foreign key (chat_metadata_chat_id) references chat_metadata
2026-01-01T15:43:15.380-06:00  INFO 33578 --- [           main] j.LocalContainerEntityManagerFactoryBean : Initialized JPA EntityManagerFactory for persistence unit 'default'
2026-01-01T15:43:15.516-06:00  INFO 33578 --- [           main] com.example.chatserver.RepositoryTest    : Started RepositoryTest in 0.904 seconds (process running for 1.205)
Hibernate: select cm1_0.chat_id,cm1_0.last_message,cm1_0.updated_at from chat_metadata cm1_0 where cm1_0.chat_id=?
Hibernate: insert into chat_metadata (last_message,updated_at,chat_id) values (?,?,?)
Hibernate: insert into chat_metadata_participant_uids (chat_metadata_chat_id,participant_uids) values (?,?)
Hibernate: insert into chat_metadata_participant_uids (chat_metadata_chat_id,participant_uids) values (?,?)
Hibernate: select cm1_0.chat_id,cm1_0.last_message,cm1_0.updated_at from chat_metadata cm1_0 where upper(cm1_0.last_message) like upper(?) escape '\'
]]></system-out>
    <system-err><![CDATA[WARNING: A Java agent has been loaded dynamically (/Users/admin/.m2/repository/net/bytebuddy/byte-buddy-agent/1.14.10/byte-buddy-agent-1.14.10.jar)
WARNING: If a serviceability tool is in use, please run with -XX:+EnableDynamicAgentLoading to hide this warning
WARNING: If a serviceability tool is not in use, please run with -Djdk.instrument.traceUsage for more information
WARNING: Dynamic loading of agents will be disallowed by default in a future release
]]></system-err>
  </testcase>
</testsuite>